c:\users\calum\desktop\gpgamev4\game1\debug\vc120.pdb
c:\users\calum\desktop\gpgamev4\game1\debug\vc120.idb
c:\users\calum\desktop\gpgamev4\game1\debug\cballoon.obj
c:\users\calum\desktop\gpgamev4\game1\debug\cd3dmanager.obj
c:\users\calum\desktop\gpgamev4\game1\debug\cd3dxfont.obj
c:\users\calum\desktop\gpgamev4\game1\debug\cd3dxspritemgr.obj
c:\users\calum\desktop\gpgamev4\game1\debug\cd3dxtexture.obj
c:\users\calum\desktop\gpgamev4\game1\debug\cexplosion.obj
c:\users\calum\desktop\gpgamev4\game1\debug\csprite.obj
c:\users\calum\desktop\gpgamev4\game1\debug\cxaudio.obj
c:\users\calum\desktop\gpgamev4\game1\debug\main.obj
c:\users\calum\desktop\gpgamev4\debug\game1.ilk
c:\users\calum\desktop\gpgamev4\debug\game1.exe
c:\users\calum\desktop\gpgamev4\debug\game1.pdb
c:\users\calum\desktop\gpgamev4\game1\debug\gameresources.res
c:\users\calum\desktop\gpgamev4\game1\debug\game1.tlog\cl.command.1.tlog
c:\users\calum\desktop\gpgamev4\game1\debug\game1.tlog\cl.read.1.tlog
c:\users\calum\desktop\gpgamev4\game1\debug\game1.tlog\cl.write.1.tlog
c:\users\calum\desktop\gpgamev4\game1\debug\game1.tlog\link.command.1.tlog
c:\users\calum\desktop\gpgamev4\game1\debug\game1.tlog\link.read.1.tlog
c:\users\calum\desktop\gpgamev4\game1\debug\game1.tlog\link.write.1.tlog
c:\users\calum\desktop\gpgamev4\game1\debug\game1.tlog\rc.command.1.tlog
c:\users\calum\desktop\gpgamev4\game1\debug\game1.tlog\rc.read.1.tlog
c:\users\calum\desktop\gpgamev4\game1\debug\game1.tlog\rc.write.1.tlog
