Build started 15/04/2014 01:45:03.
     1>Project "C:\Users\Calum\Desktop\GPGamev5\Game1\Game1.vcxproj" on node 2 (Build target(s)).
     1>ClCompile:
         C:\Program Files (x86)\Microsoft Visual Studio 12.0\VC\bin\CL.exe /c /I"d3d9.lib d3dx9.lib" /ZI /nologo /W3 /WX- /Od /Oy- /D _MBCS /Gm /EHsc /RTC1 /MDd /GS /fp:precise /Zc:wchar_t /Zc:forScope /Fo"Debug\\" /Fd"Debug\vc120.pdb" /Gd /TP /analyze- /errorReport:prompt main.cpp
         main.cpp
     1>c:\users\calum\desktop\gpgamev5\game1\main.cpp(520): warning C4244: 'argument' : conversion from 'LONG' to 'FLOAT', possible loss of data
     1>c:\users\calum\desktop\gpgamev5\game1\main.cpp(520): warning C4244: 'argument' : conversion from 'int' to 'FLOAT', possible loss of data
       Link:
         C:\Program Files (x86)\Microsoft Visual Studio 12.0\VC\bin\link.exe /ERRORREPORT:PROMPT /OUT:"C:\Users\Calum\Desktop\GPGamev5\Debug\Game1.exe" /INCREMENTAL /NOLOGO d3d9.lib d3dx9.lib DXUTOpt.lib winmm.lib dxerr.lib kernel32.lib user32.lib gdi32.lib winspool.lib comdlg32.lib advapi32.lib shell32.lib ole32.lib oleaut32.lib uuid.lib odbc32.lib odbccp32.lib /MANIFEST:NO /DEBUG /PDB:"C:\Users\Calum\Desktop\GPGamev5\Debug\Game1.pdb" /TLBID:1 /DYNAMICBASE /NXCOMPAT /IMPLIB:"C:\Users\Calum\Desktop\GPGamev5\Debug\Game1.lib" /MACHINE:X86 Debug\GameResources.res
         Debug\cBalloon.obj
         Debug\cD3DManager.obj
         Debug\cD3DXFont.obj
         Debug\cD3DXSpriteMgr.obj
         Debug\cD3DXTexture.obj
         Debug\cExplosion.obj
         Debug\cSprite.obj
         Debug\cXAudio.obj
         Debug\main.obj
     1>DXUTOpt.lib(SDKwavefile.obj) : warning LNK4099: PDB 'vc90.pdb' was not found with 'DXUTOpt.lib(SDKwavefile.obj)' or at 'C:\Users\Calum\Desktop\GPGamev5\Debug\vc90.pdb'; linking object as if no debug info
         Game1.vcxproj -> C:\Users\Calum\Desktop\GPGamev5\Debug\Game1.exe
     1>Done Building Project "C:\Users\Calum\Desktop\GPGamev5\Game1\Game1.vcxproj" (Build target(s)).

Build succeeded.

Time Elapsed 00:00:01.65
